2021-09-21 11:45:06,148 INFO  [org.jboss.modules] (main) JBoss Modules version 1.11.0.Final
2021-09-21 11:45:08,461 INFO  [org.jboss.msc] (main) JBoss MSC version 1.4.12.Final
2021-09-21 11:45:08,485 INFO  [org.jboss.threads] (main) JBoss Threads version 2.4.0.Final
2021-09-21 11:45:08,799 INFO  [org.jboss.as] (MSC service thread 1-2) WFLYSRV0049: Keycloak 15.0.2 (WildFly Core 15.0.1.Final) starting
2021-09-21 11:45:08,803 DEBUG [org.jboss.as.config] (MSC service thread 1-2) Configured system properties:
	file.encoding = Cp1252
	file.separator = \
	java.awt.headless = true
	java.class.path = C:\Users\Nacho\Desktop\Belgrano\3 año\programacion 3\keycloak\keycloak\keycloak-15.0.2\jboss-modules.jar
	java.class.version = 58.0
	java.home = C:\Program Files\Java\jdk-14.0.2
	java.io.tmpdir = C:\Users\Nacho\AppData\Local\Temp\
	java.library.path = C:\Program Files\Java\jdk-14.0.2\bin;C:\WINDOWS\Sun\Java\bin;C:\WINDOWS\system32;C:\WINDOWS;C:\Program Files (x86)\Common Files\Oracle\Java\javapath;C:\WINDOWS\system32;C:\WINDOWS;C:\WINDOWS\System32\Wbem;C:\WINDOWS\System32\WindowsPowerShell\v1.0\;C:\WINDOWS\System32\OpenSSH\;C:\apache-maven-3.6.3\bin;C:\Program Files\dotnet\;C:\Program Files\nodejs\;C:\ProgramData\chocolatey\bin;C:\Program Files\Java\jdk-14.0.2\bin;C:\apache-maven-3.6.3\bin;C:\Program Files\Git\cmd;C:\Program Files\Docker\Docker\resources\bin;C:\ProgramData\DockerDesktop\version-bin;C:\Users\Nacho\AppData\Local\Microsoft\WindowsApps;C:\Program Files\JetBrains\IntelliJ IDEA Educational Edition 2019.3\bin;;C:\Users\Nacho\AppData\Local\Programs\Microsoft VS Code\bin;C:\Users\Nacho\AppData\Roaming\npm;C:\Program Files\Java\jdk-14.0.2\bin;C:\flutter\bin;C:\flutter\bin\dart;C:\Program Files\sfdx\bin;C:\Program Files\heroku\bin;.
	java.net.preferIPv4Stack = true
	java.runtime.name = Java(TM) SE Runtime Environment
	java.runtime.version = 14.0.2+12-46
	java.specification.name = Java Platform API Specification
	java.specification.vendor = Oracle Corporation
	java.specification.version = 14
	java.util.logging.manager = org.jboss.logmanager.LogManager
	java.vendor = Oracle Corporation
	java.vendor.url = https://java.oracle.com/
	java.vendor.url.bug = https://bugreport.java.com/bugreport/
	java.version = 14.0.2
	java.version.date = 2020-07-14
	java.vm.compressedOopsMode = 32-bit
	java.vm.info = mixed mode, sharing
	java.vm.name = Java HotSpot(TM) 64-Bit Server VM
	java.vm.specification.name = Java Virtual Machine Specification
	java.vm.specification.vendor = Oracle Corporation
	java.vm.specification.version = 14
	java.vm.vendor = Oracle Corporation
	java.vm.version = 14.0.2+12-46
	javax.management.builder.initial = org.jboss.as.jmx.PluggableMBeanServerBuilder
	jboss.home.dir = C:\Users\Nacho\Desktop\Belgrano\3 año\programacion 3\keycloak\keycloak\keycloak-15.0.2
	jboss.host.name = desktop-639tb1d
	jboss.modules.dir = C:\Users\Nacho\Desktop\Belgrano\3 año\programacion 3\keycloak\keycloak\keycloak-15.0.2\modules
	jboss.modules.system.pkgs = org.jboss.byteman
	jboss.node.name = desktop-639tb1d
	jboss.qualified.host.name = desktop-639tb1d
	jboss.server.base.dir = C:\Users\Nacho\Desktop\Belgrano\3 año\programacion 3\keycloak\keycloak\keycloak-15.0.2\standalone
	jboss.server.config.dir = C:\Users\Nacho\Desktop\Belgrano\3 año\programacion 3\keycloak\keycloak\keycloak-15.0.2\standalone\configuration
	jboss.server.data.dir = C:\Users\Nacho\Desktop\Belgrano\3 año\programacion 3\keycloak\keycloak\keycloak-15.0.2\standalone\data
	jboss.server.deploy.dir = C:\Users\Nacho\Desktop\Belgrano\3 año\programacion 3\keycloak\keycloak\keycloak-15.0.2\standalone\data\content
	jboss.server.log.dir = C:\Users\Nacho\Desktop\Belgrano\3 año\programacion 3\keycloak\keycloak\keycloak-15.0.2\standalone\log
	jboss.server.name = desktop-639tb1d
	jboss.server.persist.config = true
	jboss.server.temp.dir = C:\Users\Nacho\Desktop\Belgrano\3 año\programacion 3\keycloak\keycloak\keycloak-15.0.2\standalone\tmp
	jdk.debug = release
	line.separator = 

	logging.configuration = file:C:\Users\Nacho\Desktop\Belgrano\3 año\programacion 3\keycloak\keycloak\keycloak-15.0.2\standalone\configuration/logging.properties
	module.path = C:\Users\Nacho\Desktop\Belgrano\3 año\programacion 3\keycloak\keycloak\keycloak-15.0.2\modules
	org.jboss.boot.log.file = C:\Users\Nacho\Desktop\Belgrano\3 año\programacion 3\keycloak\keycloak\keycloak-15.0.2\standalone\log\server.log
	org.jboss.resolver.warning = true
	os.arch = amd64
	os.name = Windows 10
	os.version = 10.0
	path.separator = ;
	program.name = standalone.bat
	sun.arch.data.model = 64
	sun.boot.library.path = C:\Program Files\Java\jdk-14.0.2\bin
	sun.cpu.endian = little
	sun.cpu.isalist = amd64
	sun.io.unicode.encoding = UnicodeLittle
	sun.java.command = C:\Users\Nacho\Desktop\Belgrano\3 año\programacion 3\keycloak\keycloak\keycloak-15.0.2\jboss-modules.jar -mp C:\Users\Nacho\Desktop\Belgrano\3 año\programacion 3\keycloak\keycloak\keycloak-15.0.2\modules org.jboss.as.standalone -Djboss.home.dir=C:\Users\Nacho\Desktop\Belgrano\3 año\programacion 3\keycloak\keycloak\keycloak-15.0.2
	sun.java.launcher = SUN_STANDARD
	sun.jnu.encoding = Cp1252
	sun.management.compiler = HotSpot 64-Bit Tiered Compilers
	sun.os.patch.level = 
	sun.stderr.encoding = cp850
	sun.stdout.encoding = cp850
	user.country = AR
	user.dir = C:\Users\Nacho\Desktop\Belgrano\3 año\programacion 3\keycloak\keycloak\keycloak-15.0.2\bin
	user.home = C:\Users\Nacho
	user.language = es
	user.name = Nacho
	user.script = 
	user.timezone = America/Buenos_Aires
	user.variant = 
2021-09-21 11:45:08,811 DEBUG [org.jboss.as.config] (MSC service thread 1-2) VM Arguments: -Dprogram.name=standalone.bat -Xms64M -Xmx512M -XX:MetaspaceSize=96M -XX:MaxMetaspaceSize=256m -Djava.net.preferIPv4Stack=true -Djboss.modules.system.pkgs=org.jboss.byteman -Djava.awt.headless=true --add-exports=java.base/sun.nio.ch=ALL-UNNAMED --add-exports=jdk.unsupported/sun.misc=ALL-UNNAMED --add-exports=jdk.unsupported/sun.reflect=ALL-UNNAMED -Dorg.jboss.boot.log.file=C:\Users\Nacho\Desktop\Belgrano\3 año\programacion 3\keycloak\keycloak\keycloak-15.0.2\standalone\log\server.log -Dlogging.configuration=file:C:\Users\Nacho\Desktop\Belgrano\3 año\programacion 3\keycloak\keycloak\keycloak-15.0.2\standalone\configuration/logging.properties 
2021-09-21 11:45:10,934 INFO  [org.wildfly.security] (ServerService Thread Pool -- 20) ELY00001: WildFly Elytron version 1.15.3.Final
2021-09-21 11:45:11,666 INFO  [org.jboss.as.controller.management-deprecated] (ServerService Thread Pool -- 10) WFLYCTL0033: Extension 'security' is deprecated and may not be supported in future versions
2021-09-21 11:45:12,385 INFO  [org.jboss.as.controller.management-deprecated] (Controller Boot Thread) WFLYCTL0028: Attribute 'security-realm' in the resource at address '/core-service=management/management-interface=http-interface' is deprecated, and may be removed in a future version. See the attribute description in the output of the read-resource-description operation to learn more about the deprecation.
2021-09-21 11:45:12,519 INFO  [org.jboss.as.controller.management-deprecated] (ServerService Thread Pool -- 13) WFLYCTL0028: Attribute 'security-realm' in the resource at address '/subsystem=undertow/server=default-server/https-listener=https' is deprecated, and may be removed in a future version. See the attribute description in the output of the read-resource-description operation to learn more about the deprecation.
2021-09-21 11:45:12,891 INFO  [org.jboss.as.server] (Controller Boot Thread) WFLYSRV0039: Creating http management service using socket-binding (management-http)
2021-09-21 11:45:12,943 INFO  [org.xnio] (MSC service thread 1-3) XNIO version 3.8.4.Final
2021-09-21 11:45:12,951 INFO  [org.xnio.nio] (MSC service thread 1-3) XNIO NIO Implementation Version 3.8.4.Final
2021-09-21 11:45:13,117 INFO  [org.jboss.as.jaxrs] (ServerService Thread Pool -- 39) WFLYRS0016: RESTEasy version 3.15.1.Final
2021-09-21 11:45:13,088 INFO  [org.jboss.as.clustering.infinispan] (ServerService Thread Pool -- 37) WFLYCLINF0001: Activating Infinispan subsystem.
2021-09-21 11:45:13,144 INFO  [org.wildfly.extension.health] (ServerService Thread Pool -- 36) WFLYHEALTH0001: Activating Base Health Subsystem
2021-09-21 11:45:13,207 INFO  [org.wildfly.extension.metrics] (ServerService Thread Pool -- 45) WFLYMETRICS0001: Activating Base Metrics Subsystem
2021-09-21 11:45:13,210 WARN  [org.jboss.as.txn] (ServerService Thread Pool -- 51) WFLYTX0013: The node-identifier attribute on the /subsystem=transactions is set to the default value. This is a danger for environments running multiple servers. Please make sure the attribute value is unique.
2021-09-21 11:45:13,181 INFO  [org.jboss.as.connector.subsystems.datasources] (ServerService Thread Pool -- 31) WFLYJCA0004: Deploying JDBC-compliant driver class org.h2.Driver (version 1.4)
2021-09-21 11:45:13,399 INFO  [org.wildfly.extension.undertow] (MSC service thread 1-5) WFLYUT0003: Undertow 2.2.5.Final starting
2021-09-21 11:45:13,418 INFO  [org.jboss.as.security] (ServerService Thread Pool -- 49) WFLYSEC0002: Activating Security Subsystem
2021-09-21 11:45:13,228 INFO  [org.jboss.as.connector] (MSC service thread 1-7) WFLYJCA0009: Starting Jakarta Connectors Subsystem (WildFly/IronJacamar 1.4.27.Final)
2021-09-21 11:45:13,408 INFO  [org.jboss.as.naming] (ServerService Thread Pool -- 46) WFLYNAM0001: Activating Naming Subsystem
2021-09-21 11:45:13,531 INFO  [org.jboss.as.connector.deployers.jdbc] (MSC service thread 1-8) WFLYJCA0018: Started Driver service with driver-name = h2
2021-09-21 11:45:13,543 INFO  [org.jboss.as.security] (MSC service thread 1-7) WFLYSEC0001: Current PicketBox version=5.0.3.Final-redhat-00007
2021-09-21 11:45:13,939 WARN  [org.wildfly.clustering.web.undertow] (ServerService Thread Pool -- 52) WFLYCLWEBUT0007: No routing provider found for default-server; using legacy provider based on static configuration
2021-09-21 11:45:14,045 WARN  [org.wildfly.extension.elytron] (MSC service thread 1-2) WFLYELY00023: KeyStore file 'C:\Users\Nacho\Desktop\Belgrano\3 año\programacion 3\keycloak\keycloak\keycloak-15.0.2\standalone\configuration\application.keystore' does not exist. Used blank.
2021-09-21 11:45:14,200 INFO  [org.wildfly.extension.undertow] (ServerService Thread Pool -- 52) WFLYUT0014: Creating file handler for path 'C:\Users\Nacho\Desktop\Belgrano\3 año\programacion 3\keycloak\keycloak\keycloak-15.0.2/welcome-content' with options [directory-listing: 'false', follow-symlink: 'false', case-sensitive: 'true', safe-symlink-paths: '[]']
2021-09-21 11:45:14,216 INFO  [org.jboss.as.naming] (MSC service thread 1-5) WFLYNAM0003: Starting Naming Service
2021-09-21 11:45:14,310 INFO  [org.jboss.as.mail.extension] (MSC service thread 1-8) WFLYMAIL0001: Bound mail session [java:jboss/mail/Default]
2021-09-21 11:45:14,556 INFO  [org.wildfly.extension.io] (ServerService Thread Pool -- 38) WFLYIO001: Worker 'default' has auto-configured to 8 IO threads with 64 max task threads based on your 4 available processors
2021-09-21 11:45:14,702 INFO  [org.jboss.as.ejb3] (MSC service thread 1-3) WFLYEJB0481: Strict pool slsb-strict-max-pool is using a max instance size of 64 (per class), which is derived from thread worker pool sizing.
2021-09-21 11:45:14,678 WARN  [org.wildfly.extension.elytron] (MSC service thread 1-8) WFLYELY01084: KeyStore C:\Users\Nacho\Desktop\Belgrano\3 año\programacion 3\keycloak\keycloak\keycloak-15.0.2\standalone\configuration\application.keystore not found, it will be auto generated on first use with a self-signed certificate for host localhost
2021-09-21 11:45:14,731 INFO  [org.jboss.as.ejb3] (MSC service thread 1-1) WFLYEJB0482: Strict pool mdb-strict-max-pool is using a max instance size of 16 (per class), which is derived from the number of CPUs on this host.
2021-09-21 11:45:14,740 INFO  [org.jboss.remoting] (MSC service thread 1-5) JBoss Remoting version 5.0.20.Final
2021-09-21 11:45:14,749 INFO  [org.wildfly.extension.undertow] (MSC service thread 1-8) WFLYUT0012: Started server default-server.
2021-09-21 11:45:14,784 INFO  [org.wildfly.extension.undertow] (MSC service thread 1-3) Queuing requests.
2021-09-21 11:45:14,910 INFO  [org.wildfly.extension.undertow] (MSC service thread 1-3) WFLYUT0018: Host default-host starting
2021-09-21 11:45:15,439 INFO  [org.wildfly.extension.undertow] (MSC service thread 1-3) WFLYUT0006: Undertow HTTP listener default listening on 127.0.0.1:8080
2021-09-21 11:45:15,520 INFO  [org.jboss.as.patching] (MSC service thread 1-4) WFLYPAT0050: Keycloak cumulative patch ID is: base, one-off patches include: none
2021-09-21 11:45:15,541 WARN  [org.jboss.as.domain.management.security] (MSC service thread 1-1) WFLYDM0111: Keystore C:\Users\Nacho\Desktop\Belgrano\3 año\programacion 3\keycloak\keycloak\keycloak-15.0.2\standalone\configuration\application.keystore not found, it will be auto generated on first use with a self signed certificate for host localhost
2021-09-21 11:45:15,549 INFO  [org.jboss.as.server.deployment.scanner] (MSC service thread 1-2) WFLYDS0013: Started FileSystemDeploymentService for directory C:\Users\Nacho\Desktop\Belgrano\3 año\programacion 3\keycloak\keycloak\keycloak-15.0.2\standalone\deployments
2021-09-21 11:45:15,599 INFO  [org.jboss.as.server.deployment] (MSC service thread 1-1) WFLYSRV0027: Starting deployment of "keycloak-server.war" (runtime-name: "keycloak-server.war")
2021-09-21 11:45:15,683 INFO  [org.jboss.as.ejb3] (MSC service thread 1-2) WFLYEJB0493: Jakarta Enterprise Beans subsystem suspension complete
2021-09-21 11:45:15,746 INFO  [org.wildfly.extension.undertow] (MSC service thread 1-5) WFLYUT0006: Undertow HTTPS listener https listening on 127.0.0.1:8443
2021-09-21 11:45:15,946 INFO  [org.jboss.as.connector.subsystems.datasources] (MSC service thread 1-6) WFLYJCA0001: Bound data source [java:jboss/datasources/ExampleDS]
2021-09-21 11:45:15,964 INFO  [org.jboss.as.connector.subsystems.datasources] (MSC service thread 1-3) WFLYJCA0001: Bound data source [java:jboss/datasources/KeycloakDS]
2021-09-21 11:45:17,442 INFO  [org.infinispan.CONTAINER] (ServerService Thread Pool -- 55) ISPN000128: Infinispan version: Infinispan 'Corona Extra' 11.0.9.Final
2021-09-21 11:45:17,531 INFO  [org.infinispan.CONFIG] (MSC service thread 1-7) ISPN000152: Passivation configured without an eviction policy being selected. Only manually evicted entities will be passivated.
2021-09-21 11:45:17,535 INFO  [org.infinispan.CONFIG] (MSC service thread 1-7) ISPN000152: Passivation configured without an eviction policy being selected. Only manually evicted entities will be passivated.
2021-09-21 11:45:17,677 INFO  [org.infinispan.PERSISTENCE] (ServerService Thread Pool -- 54) ISPN000556: Starting user marshaller 'org.wildfly.clustering.infinispan.spi.marshalling.InfinispanProtoStreamMarshaller'
2021-09-21 11:45:17,694 INFO  [org.infinispan.PERSISTENCE] (ServerService Thread Pool -- 55) ISPN000556: Starting user marshaller 'org.wildfly.clustering.infinispan.marshalling.jboss.JBossMarshaller'
2021-09-21 11:45:18,158 INFO  [org.jboss.as.clustering.infinispan] (ServerService Thread Pool -- 54) WFLYCLINF0002: Started http-remoting-connector cache from ejb container
2021-09-21 11:45:18,185 INFO  [org.jboss.as.clustering.infinispan] (ServerService Thread Pool -- 54) WFLYCLINF0002: Started offlineClientSessions cache from keycloak container
2021-09-21 11:45:18,191 INFO  [org.jboss.as.clustering.infinispan] (ServerService Thread Pool -- 61) WFLYCLINF0002: Started actionTokens cache from keycloak container
2021-09-21 11:45:18,192 INFO  [org.jboss.as.clustering.infinispan] (ServerService Thread Pool -- 58) WFLYCLINF0002: Started loginFailures cache from keycloak container
2021-09-21 11:45:18,195 INFO  [org.jboss.as.clustering.infinispan] (ServerService Thread Pool -- 56) WFLYCLINF0002: Started authenticationSessions cache from keycloak container
2021-09-21 11:45:18,209 INFO  [org.jboss.as.clustering.infinispan] (ServerService Thread Pool -- 59) WFLYCLINF0002: Started offlineSessions cache from keycloak container
2021-09-21 11:45:18,212 INFO  [org.jboss.as.clustering.infinispan] (ServerService Thread Pool -- 57) WFLYCLINF0002: Started work cache from keycloak container
2021-09-21 11:45:18,249 INFO  [org.jboss.as.clustering.infinispan] (ServerService Thread Pool -- 60) WFLYCLINF0002: Started clientSessions cache from keycloak container
2021-09-21 11:45:18,255 INFO  [org.jboss.as.clustering.infinispan] (ServerService Thread Pool -- 64) WFLYCLINF0002: Started authorization cache from keycloak container
2021-09-21 11:45:18,259 INFO  [org.jboss.as.clustering.infinispan] (ServerService Thread Pool -- 62) WFLYCLINF0002: Started users cache from keycloak container
2021-09-21 11:45:18,262 INFO  [org.jboss.as.clustering.infinispan] (ServerService Thread Pool -- 55) WFLYCLINF0002: Started realms cache from keycloak container
2021-09-21 11:45:18,263 INFO  [org.jboss.as.clustering.infinispan] (ServerService Thread Pool -- 65) WFLYCLINF0002: Started sessions cache from keycloak container
2021-09-21 11:45:18,265 INFO  [org.jboss.as.clustering.infinispan] (ServerService Thread Pool -- 63) WFLYCLINF0002: Started keys cache from keycloak container
2021-09-21 11:45:18,503 WARN  [org.jboss.as.server.deployment] (MSC service thread 1-2) WFLYSRV0273: Excluded subsystem webservices via jboss-deployment-structure.xml does not exist.
2021-09-21 11:45:19,619 INFO  [org.keycloak.services] (ServerService Thread Pool -- 60) KC-SERVICES0001: Loading config from standalone.xml or domain.xml
2021-09-21 11:45:20,190 INFO  [org.keycloak.url.DefaultHostnameProviderFactory] (ServerService Thread Pool -- 60) Frontend: <request>, Admin: <frontend>, Backend: <request>
2021-09-21 11:45:20,753 INFO  [org.jboss.as.clustering.infinispan] (ServerService Thread Pool -- 60) WFLYCLINF0002: Started realmRevisions cache from keycloak container
2021-09-21 11:45:20,766 INFO  [org.jboss.as.clustering.infinispan] (ServerService Thread Pool -- 60) WFLYCLINF0002: Started userRevisions cache from keycloak container
2021-09-21 11:45:20,790 INFO  [org.jboss.as.clustering.infinispan] (ServerService Thread Pool -- 60) WFLYCLINF0002: Started authorizationRevisions cache from keycloak container
2021-09-21 11:45:20,794 INFO  [org.keycloak.connections.infinispan.DefaultInfinispanConnectionProviderFactory] (ServerService Thread Pool -- 60) Node name: desktop-639tb1d, Site name: null
2021-09-21 11:45:23,715 INFO  [org.keycloak.connections.jpa.DefaultJpaConnectionProviderFactory] (ServerService Thread Pool -- 60) Database info: {databaseUrl=jdbc:h2:C:\Users\Nacho\Desktop\Belgrano\3 año\programacion 3\keycloak\keycloak\keycloak-15.0.2\standalone\data/keycloak, databaseUser=SA, databaseProduct=H2 1.4.197 (2018-03-18), databaseDriver=H2 JDBC Driver 1.4.197 (2018-03-18)}
2021-09-21 11:45:28,859 INFO  [org.keycloak.connections.jpa.updater.liquibase.LiquibaseJpaUpdaterProvider] (ServerService Thread Pool -- 60) Initializing database schema. Using changelog META-INF/jpa-changelog-master.xml
2021-09-21 11:45:33,608 INFO  [org.hibernate.jpa.internal.util.LogHelper] (ServerService Thread Pool -- 60) HHH000204: Processing PersistenceUnitInfo [
	name: keycloak-default
	...]
2021-09-21 11:45:33,720 INFO  [org.hibernate.Version] (ServerService Thread Pool -- 60) HHH000412: Hibernate Core {5.3.20.Final}
2021-09-21 11:45:33,726 INFO  [org.hibernate.cfg.Environment] (ServerService Thread Pool -- 60) HHH000206: hibernate.properties not found
2021-09-21 11:45:34,028 INFO  [org.hibernate.annotations.common.Version] (ServerService Thread Pool -- 60) HCANN000001: Hibernate Commons Annotations {5.0.5.Final}
2021-09-21 11:45:34,429 INFO  [org.hibernate.dialect.Dialect] (ServerService Thread Pool -- 60) HHH000400: Using dialect: org.hibernate.dialect.H2Dialect
2021-09-21 11:45:34,522 INFO  [org.hibernate.envers.boot.internal.EnversServiceImpl] (ServerService Thread Pool -- 60) Envers integration enabled? : true
2021-09-21 11:45:35,532 INFO  [org.hibernate.orm.beans] (ServerService Thread Pool -- 60) HHH10005002: No explicit CDI BeanManager reference was passed to Hibernate, but CDI is available on the Hibernate ClassLoader.
2021-09-21 11:45:35,624 INFO  [org.hibernate.validator.internal.util.Version] (ServerService Thread Pool -- 60) HV000001: Hibernate Validator 6.0.22.Final
2021-09-21 11:45:38,127 INFO  [org.hibernate.hql.internal.QueryTranslatorFactoryInitiator] (ServerService Thread Pool -- 60) HHH000397: Using ASTQueryTranslatorFactory
2021-09-21 11:45:39,232 INFO  [org.keycloak.services] (ServerService Thread Pool -- 60) KC-SERVICES0050: Initializing master realm
2021-09-21 11:45:43,894 INFO  [org.jboss.resteasy.resteasy_jaxrs.i18n] (ServerService Thread Pool -- 60) RESTEASY002225: Deploying javax.ws.rs.core.Application: class org.keycloak.services.resources.KeycloakApplication
2021-09-21 11:45:43,902 INFO  [org.jboss.resteasy.resteasy_jaxrs.i18n] (ServerService Thread Pool -- 60) RESTEASY002200: Adding class resource org.keycloak.services.resources.JsResource from Application class org.keycloak.services.resources.KeycloakApplication
2021-09-21 11:45:43,906 INFO  [org.jboss.resteasy.resteasy_jaxrs.i18n] (ServerService Thread Pool -- 60) RESTEASY002205: Adding provider class org.keycloak.services.error.KeycloakErrorHandler from Application class org.keycloak.services.resources.KeycloakApplication
2021-09-21 11:45:43,909 INFO  [org.jboss.resteasy.resteasy_jaxrs.i18n] (ServerService Thread Pool -- 60) RESTEASY002200: Adding class resource org.keycloak.services.resources.ThemeResource from Application class org.keycloak.services.resources.KeycloakApplication
2021-09-21 11:45:43,916 INFO  [org.jboss.resteasy.resteasy_jaxrs.i18n] (ServerService Thread Pool -- 60) RESTEASY002205: Adding provider class org.keycloak.services.filters.KeycloakSecurityHeadersFilter from Application class org.keycloak.services.resources.KeycloakApplication
2021-09-21 11:45:43,917 INFO  [org.jboss.resteasy.resteasy_jaxrs.i18n] (ServerService Thread Pool -- 60) RESTEASY002220: Adding singleton resource org.keycloak.services.resources.RobotsResource from Application class org.keycloak.services.resources.KeycloakApplication
2021-09-21 11:45:43,918 INFO  [org.jboss.resteasy.resteasy_jaxrs.i18n] (ServerService Thread Pool -- 60) RESTEASY002220: Adding singleton resource org.keycloak.services.resources.WelcomeResource from Application class org.keycloak.services.resources.KeycloakApplication
2021-09-21 11:45:43,919 INFO  [org.jboss.resteasy.resteasy_jaxrs.i18n] (ServerService Thread Pool -- 60) RESTEASY002220: Adding singleton resource org.keycloak.services.resources.RealmsResource from Application class org.keycloak.services.resources.KeycloakApplication
2021-09-21 11:45:43,920 INFO  [org.jboss.resteasy.resteasy_jaxrs.i18n] (ServerService Thread Pool -- 60) RESTEASY002210: Adding provider singleton org.keycloak.services.util.ObjectMapperResolver from Application class org.keycloak.services.resources.KeycloakApplication
2021-09-21 11:45:43,921 INFO  [org.jboss.resteasy.resteasy_jaxrs.i18n] (ServerService Thread Pool -- 60) RESTEASY002220: Adding singleton resource org.keycloak.services.resources.admin.AdminRoot from Application class org.keycloak.services.resources.KeycloakApplication
2021-09-21 11:45:44,091 INFO  [org.wildfly.extension.undertow] (ServerService Thread Pool -- 60) WFLYUT0021: Registered web context: '/auth' for server 'default-server'
2021-09-21 11:45:44,280 INFO  [org.jboss.as.server] (ServerService Thread Pool -- 43) WFLYSRV0010: Deployed "keycloak-server.war" (runtime-name : "keycloak-server.war")
2021-09-21 11:45:44,401 INFO  [org.jboss.as.server] (Controller Boot Thread) WFLYSRV0212: Resuming server
2021-09-21 11:45:44,408 INFO  [org.jboss.as] (Controller Boot Thread) WFLYSRV0025: Keycloak 15.0.2 (WildFly Core 15.0.1.Final) started in 40208ms - Started 594 of 872 services (584 services are lazy, passive or on-demand)
2021-09-21 11:45:44,411 INFO  [org.jboss.as] (Controller Boot Thread) WFLYSRV0060: Http management interface listening on http://127.0.0.1:9990/management
2021-09-21 11:45:44,413 INFO  [org.jboss.as] (Controller Boot Thread) WFLYSRV0051: Admin console listening on http://127.0.0.1:9990
2021-09-21 12:39:17,063 INFO  [org.keycloak.services] (default task-2) KC-SERVICES0077: Created initial admin user with username admin
